0 verbose cli C:\Users\Shree\AppData\Local\nvm\v18.18.2\node.exe C:\Users\Shree\AppData\Local\nvm\v18.18.2\node_modules\npm\bin\npm-cli.js
1 info using npm@9.8.1
2 info using node@v18.18.2
3 timing npm:load:whichnode Completed in 2ms
4 timing config:load:defaults Completed in 2ms
5 timing config:load:file:C:\Users\Shree\AppData\Local\nvm\v18.18.2\node_modules\npm\npmrc Completed in 3ms
6 timing config:load:builtin Completed in 3ms
7 timing config:load:cli Completed in 3ms
8 timing config:load:env Completed in 1ms
9 timing config:load:file:D:\ZestyApp_local\ZestyVendorApp\.npmrc Completed in 0ms
10 timing config:load:project Completed in 2ms
11 timing config:load:file:C:\Users\Shree\.npmrc Completed in 0ms
12 timing config:load:user Completed in 0ms
13 timing config:load:file:C:\Users\Shree\AppData\Local\nvm\v18.18.2\etc\npmrc Completed in 1ms
14 timing config:load:global Completed in 1ms
15 timing config:load:setEnvs Completed in 1ms
16 timing config:load Completed in 13ms
17 timing npm:load:configload Completed in 14ms
18 timing config:load:flatten Completed in 3ms
19 timing npm:load:mkdirpcache Completed in 1ms
20 timing npm:load:mkdirplogs Completed in 0ms
21 verbose title npm start
22 verbose argv "start" "--cache" "clear"
23 timing npm:load:setTitle Completed in 1ms
24 timing npm:load:display Completed in 0ms
25 verbose logfile logs-max:10 dir:D:\ZestyApp_local\ZestyVendorApp\clear\_logs\2025-06-13T11_33_36_925Z-
26 verbose logfile D:\ZestyApp_local\ZestyVendorApp\clear\_logs\2025-06-13T11_33_36_925Z-debug-0.log
27 timing npm:load:logFile Completed in 25ms
28 timing npm:load:timers Completed in 0ms
29 timing npm:load:configScope Completed in 0ms
30 timing npm:load Completed in 79ms
31 silly logfile done cleaning log files
32 http fetch GET 200 https://registry.npmjs.org/npm 534ms (cache miss)
33 http fetch GET 200 https://registry.npmjs.org/npm 567ms (cache miss)
34 timing command:run-script Completed in 10719681ms
35 timing command:start Completed in 10720681ms
36 notice
36 notice New [31mmajor[39m version of npm available! [31m9.8.1[39m -> [32m11.4.2[39m
36 notice Changelog: [36mhttps://github.com/npm/cli/releases/tag/v11.4.2[39m
36 notice Run [32mnpm install -g npm@11.4.2[39m to update!
36 notice
37 verbose exit 1
38 timing npm Completed in 10723507ms
39 verbose code 1
